INFO:logger:
---------------------------------------------------------------
API v1.0 online: http://localhost:8080/departments/


WARNING:werkzeug: * Debugger is active!
INFO:werkzeug: * Debugger PIN: 253-738-313
INFO:logger:
---------------------------------------------------------------
API v1.0 online: http://localhost:8080/departments/


INFO:werkzeug: * Running on http://0.0.0.0:5000/ (Press CTRL+C to quit)
INFO:werkzeug: * Restarting with stat
INFO:logger:
---------------------------------------------------------------
API v1.0 online: http://localhost:8080/departments/


WARNING:werkzeug: * Debugger is active!
INFO:werkzeug: * Debugger PIN: 880-446-585
INFO:werkzeug:172.18.0.1 - - [24/Apr/2021 16:48:00] "[37mPOST /user HTTP/1.1[0m" 200 -
INFO:werkzeug: * Detected change in '/app/auctionAPI.py', reloading
INFO:werkzeug: * Restarting with stat
INFO:logger:
---------------------------------------------------------------
API v1.0 online: http://localhost:8080/departments/


WARNING:werkzeug: * Debugger is active!
INFO:werkzeug: * Debugger PIN: 880-446-585
INFO:logger:
---------------------------------------------------------------
API v1.0 online: http://localhost:8080/departments/


INFO:werkzeug: * Running on http://0.0.0.0:5000/ (Press CTRL+C to quit)
INFO:werkzeug: * Restarting with stat
INFO:logger:
---------------------------------------------------------------
API v1.0 online: http://localhost:8080/departments/


WARNING:werkzeug: * Debugger is active!
INFO:werkzeug: * Debugger PIN: 248-710-260
INFO:werkzeug:172.18.0.1 - - [24/Apr/2021 16:48:31] "[37mPOST /user HTTP/1.1[0m" 200 -
INFO:werkzeug:172.18.0.1 - - [24/Apr/2021 16:48:36] "[37mPOST /user HTTP/1.1[0m" 200 -
INFO:werkzeug:172.18.0.1 - - [24/Apr/2021 16:48:40] "[37mPOST /user HTTP/1.1[0m" 200 -
INFO:werkzeug: * Detected change in '/app/auctionAPI.py', reloading
INFO:werkzeug: * Restarting with stat
INFO:logger:
---------------------------------------------------------------
API v1.0 online: http://localhost:8080/


WARNING:werkzeug: * Debugger is active!
INFO:werkzeug: * Debugger PIN: 248-710-260
INFO:werkzeug:172.18.0.1 - - [24/Apr/2021 16:49:29] "[37mPOST /user HTTP/1.1[0m" 200 -
INFO:werkzeug:172.18.0.1 - - [24/Apr/2021 16:49:32] "[37mPOST /user HTTP/1.1[0m" 200 -
INFO:werkzeug: * Detected change in '/app/auctionAPI.py', reloading
INFO:werkzeug: * Restarting with stat
INFO:logger:
---------------------------------------------------------------
API v1.0 online: http://localhost:8080/


WARNING:werkzeug: * Debugger is active!
INFO:werkzeug: * Debugger PIN: 248-710-260
INFO:werkzeug: * Detected change in '/app/auctionAPI.py', reloading
INFO:werkzeug: * Restarting with stat
INFO:logger:
---------------------------------------------------------------
API v1.0 online: http://localhost:8080/


WARNING:werkzeug: * Debugger is active!
INFO:werkzeug: * Debugger PIN: 248-710-260
INFO:werkzeug: * Detected change in '/app/auctionAPI.py', reloading
INFO:werkzeug: * Restarting with stat
INFO:logger:
---------------------------------------------------------------
API v1.0 online: http://localhost:8080/


WARNING:werkzeug: * Debugger is active!
INFO:werkzeug: * Debugger PIN: 248-710-260
INFO:logger:
---------------------------------------------------------------
API v1.0 online: http://localhost:8080/


WARNING:werkzeug: * Debugger is active!
INFO:werkzeug: * Debugger PIN: 748-607-916
INFO:werkzeug: * Detected change in '/app/auctionAPI.py', reloading
INFO:logger:
---------------------------------------------------------------
API v1.0 online: http://localhost:8080/


WARNING:werkzeug: * Debugger is active!
INFO:werkzeug: * Debugger PIN: 748-607-916
INFO:werkzeug: * Detected change in '/app/auctionAPI.py', reloading
INFO:logger:
---------------------------------------------------------------
API v1.0 online: http://localhost:8080/


WARNING:werkzeug: * Debugger is active!
INFO:werkzeug: * Debugger PIN: 748-607-916
INFO:logger:
---------------------------------------------------------------
API v1.0 online: http://localhost:8080/


INFO:werkzeug: * Running on http://0.0.0.0:5000/ (Press CTRL+C to quit)
INFO:werkzeug: * Restarting with stat
INFO:logger:
---------------------------------------------------------------
API v1.0 online: http://localhost:8080/


WARNING:werkzeug: * Debugger is active!
INFO:werkzeug: * Debugger PIN: 126-950-668
INFO:werkzeug:172.18.0.1 - - [25/Apr/2021 13:22:44] "[37mGET /leiloes HTTP/1.1[0m" 200 -
INFO:werkzeug: * Detected change in '/app/auctionAPI.py', reloading
INFO:werkzeug: * Restarting with stat
INFO:logger:
---------------------------------------------------------------
API v1.0 online: http://localhost:8080/


WARNING:werkzeug: * Debugger is active!
INFO:werkzeug: * Debugger PIN: 126-950-668
INFO:werkzeug: * Detected change in '/app/auctionAPI.py', reloading
INFO:werkzeug: * Restarting with stat
INFO:logger:
---------------------------------------------------------------
API v1.0 online: http://localhost:8080/


WARNING:werkzeug: * Debugger is active!
INFO:werkzeug: * Debugger PIN: 126-950-668
INFO:werkzeug: * Detected change in '/app/auctionAPI.py', reloading
INFO:werkzeug: * Restarting with stat
INFO:logger:
---------------------------------------------------------------
API v1.0 online: http://localhost:8080/


WARNING:werkzeug: * Debugger is active!
INFO:werkzeug: * Debugger PIN: 126-950-668
INFO:werkzeug: * Detected change in '/app/auctionAPI.py', reloading
INFO:werkzeug: * Restarting with stat
INFO:logger:
---------------------------------------------------------------
API v1.0 online: http://localhost:8080/


INFO:werkzeug: * Running on http://0.0.0.0:5000/ (Press CTRL+C to quit)
INFO:werkzeug: * Restarting with stat
INFO:logger:
---------------------------------------------------------------
API v1.0 online: http://localhost:8080/


WARNING:werkzeug: * Debugger is active!
INFO:werkzeug: * Debugger PIN: 331-478-835
INFO:werkzeug:172.18.0.1 - - [25/Apr/2021 13:39:06] "[37mGET /leiloes HTTP/1.1[0m" 200 -
INFO:werkzeug:172.18.0.1 - - [25/Apr/2021 13:39:18] "[35m[1mPUT /user HTTP/1.1[0m" 500 -
INFO:werkzeug: * Detected change in '/app/auctionAPI.py', reloading
INFO:werkzeug: * Restarting with stat
INFO:logger:
---------------------------------------------------------------
API v1.0 online: http://localhost:8080/


INFO:werkzeug: * Running on http://0.0.0.0:5000/ (Press CTRL+C to quit)
INFO:werkzeug: * Restarting with stat
INFO:logger:
---------------------------------------------------------------
API v1.0 online: http://localhost:8080/


WARNING:werkzeug: * Debugger is active!
INFO:werkzeug: * Debugger PIN: 458-240-454
INFO:werkzeug:172.18.0.1 - - [25/Apr/2021 13:40:30] "[35m[1mPUT /user HTTP/1.1[0m" 500 -
INFO:werkzeug: * Detected change in '/app/auctionAPI.py', reloading
INFO:werkzeug: * Restarting with stat
INFO:logger:
---------------------------------------------------------------
API v1.0 online: http://localhost:8080/


WARNING:werkzeug: * Debugger is active!
INFO:werkzeug: * Debugger PIN: 458-240-454
INFO:werkzeug:172.18.0.1 - - [25/Apr/2021 13:40:39] "[37mPUT /user HTTP/1.1[0m" 200 -
INFO:werkzeug:172.18.0.1 - - [25/Apr/2021 13:41:06] "[37mPUT /user HTTP/1.1[0m" 200 -
INFO:werkzeug: * Detected change in '/app/auctionAPI.py', reloading
INFO:werkzeug: * Restarting with stat
INFO:logger:
---------------------------------------------------------------
API v1.0 online: http://localhost:8080/


WARNING:werkzeug: * Debugger is active!
INFO:werkzeug: * Debugger PIN: 458-240-454
INFO:werkzeug:172.18.0.1 - - [25/Apr/2021 13:41:23] "[37mPUT /user HTTP/1.1[0m" 200 -
INFO:werkzeug:172.18.0.1 - - [25/Apr/2021 13:41:24] "[37mPUT /user HTTP/1.1[0m" 200 -
INFO:werkzeug:172.18.0.1 - - [25/Apr/2021 13:41:28] "[37mPUT /user HTTP/1.1[0m" 200 -
INFO:werkzeug: * Detected change in '/app/auctionAPI.py', reloading
INFO:werkzeug: * Restarting with stat
INFO:logger:
---------------------------------------------------------------
API v1.0 online: http://localhost:8080/


WARNING:werkzeug: * Debugger is active!
INFO:werkzeug: * Debugger PIN: 458-240-454
INFO:werkzeug:172.18.0.1 - - [25/Apr/2021 13:41:42] "[37mPUT /user HTTP/1.1[0m" 200 -
INFO:werkzeug:172.18.0.1 - - [25/Apr/2021 13:41:43] "[37mPUT /user HTTP/1.1[0m" 200 -
INFO:werkzeug:172.18.0.1 - - [25/Apr/2021 13:41:51] "[35m[1mPUT /user HTTP/1.1[0m" 500 -
INFO:werkzeug: * Detected change in '/app/auctionAPI.py', reloading
INFO:werkzeug: * Restarting with stat
INFO:logger:
---------------------------------------------------------------
API v1.0 online: http://localhost:8080/


WARNING:werkzeug: * Debugger is active!
INFO:werkzeug: * Debugger PIN: 458-240-454
INFO:werkzeug:172.18.0.1 - - [25/Apr/2021 13:42:32] "[37mPUT /user HTTP/1.1[0m" 200 -
INFO:werkzeug:172.18.0.1 - - [25/Apr/2021 13:42:39] "[37mPOST /user HTTP/1.1[0m" 200 -
INFO:werkzeug:172.18.0.1 - - [25/Apr/2021 13:43:13] "[37mPOST /user HTTP/1.1[0m" 200 -
INFO:werkzeug:172.18.0.1 - - [25/Apr/2021 13:43:21] "[35m[1mPUT /user HTTP/1.1[0m" 500 -
INFO:werkzeug: * Detected change in '/app/auctionAPI.py', reloading
INFO:werkzeug: * Restarting with stat
INFO:logger:
---------------------------------------------------------------
API v1.0 online: http://localhost:8080/


WARNING:werkzeug: * Debugger is active!
INFO:werkzeug: * Debugger PIN: 458-240-454
INFO:werkzeug:172.18.0.1 - - [25/Apr/2021 13:44:32] "[35m[1mPUT /user HTTP/1.1[0m" 500 -
INFO:werkzeug: * Detected change in '/app/auctionAPI.py', reloading
INFO:werkzeug: * Restarting with stat
INFO:logger:
---------------------------------------------------------------
API v1.0 online: http://localhost:8080/


WARNING:werkzeug: * Debugger is active!
INFO:werkzeug: * Debugger PIN: 458-240-454
INFO:werkzeug:172.18.0.1 - - [25/Apr/2021 13:45:04] "[35m[1mPUT /user HTTP/1.1[0m" 500 -
INFO:werkzeug: * Detected change in '/app/auctionAPI.py', reloading
INFO:werkzeug: * Restarting with stat
INFO:logger:
---------------------------------------------------------------
API v1.0 online: http://localhost:8080/


WARNING:werkzeug: * Debugger is active!
INFO:werkzeug: * Debugger PIN: 458-240-454
INFO:werkzeug: * Detected change in '/app/auctionAPI.py', reloading
INFO:werkzeug: * Restarting with stat
INFO:logger:
---------------------------------------------------------------
API v1.0 online: http://localhost:8080/


WARNING:werkzeug: * Debugger is active!
INFO:werkzeug: * Debugger PIN: 458-240-454
INFO:werkzeug: * Detected change in '/app/auctionAPI.py', reloading
INFO:werkzeug: * Restarting with stat
INFO:logger:
---------------------------------------------------------------
API v1.0 online: http://localhost:8080/


WARNING:werkzeug: * Debugger is active!
INFO:werkzeug: * Debugger PIN: 458-240-454
INFO:werkzeug:172.18.0.1 - - [25/Apr/2021 13:46:56] "[35m[1mPUT /user HTTP/1.1[0m" 500 -
INFO:werkzeug: * Detected change in '/app/auctionAPI.py', reloading
INFO:werkzeug: * Restarting with stat
INFO:logger:
---------------------------------------------------------------
API v1.0 online: http://localhost:8080/


WARNING:werkzeug: * Debugger is active!
INFO:werkzeug: * Debugger PIN: 458-240-454
INFO:werkzeug:172.18.0.1 - - [25/Apr/2021 13:47:09] "[35m[1mPUT /user HTTP/1.1[0m" 500 -
INFO:werkzeug: * Detected change in '/app/auctionAPI.py', reloading
INFO:werkzeug: * Restarting with stat
INFO:logger:
---------------------------------------------------------------
API v1.0 online: http://localhost:8080/


WARNING:werkzeug: * Debugger is active!
INFO:werkzeug: * Debugger PIN: 458-240-454
INFO:werkzeug:172.18.0.1 - - [25/Apr/2021 13:47:54] "[37mPUT /user HTTP/1.1[0m" 200 -
INFO:werkzeug:172.18.0.1 - - [25/Apr/2021 13:48:14] "[37mPUT /user HTTP/1.1[0m" 200 -
INFO:werkzeug: * Detected change in '/app/auctionAPI.py', reloading
INFO:werkzeug: * Restarting with stat
INFO:logger:
---------------------------------------------------------------
API v1.0 online: http://localhost:8080/


WARNING:werkzeug: * Debugger is active!
INFO:werkzeug: * Debugger PIN: 458-240-454
INFO:werkzeug: * Detected change in '/app/auctionAPI.py', reloading
INFO:werkzeug: * Restarting with stat
INFO:logger:
---------------------------------------------------------------
API v1.0 online: http://localhost:8080/


WARNING:werkzeug: * Debugger is active!
INFO:werkzeug: * Debugger PIN: 458-240-454
INFO:werkzeug: * Detected change in '/app/auctionAPI.py', reloading
INFO:werkzeug: * Restarting with stat
INFO:logger:
---------------------------------------------------------------
API v1.0 online: http://localhost:8080/


WARNING:werkzeug: * Debugger is active!
INFO:werkzeug: * Debugger PIN: 458-240-454
INFO:werkzeug:172.18.0.1 - - [25/Apr/2021 13:48:48] "[37mPUT /user HTTP/1.1[0m" 200 -
INFO:werkzeug: * Detected change in '/app/auctionAPI.py', reloading
INFO:werkzeug: * Restarting with stat
INFO:logger:
---------------------------------------------------------------
API v1.0 online: http://localhost:8080/


WARNING:werkzeug: * Debugger is active!
INFO:werkzeug: * Debugger PIN: 458-240-454
INFO:werkzeug:172.18.0.1 - - [25/Apr/2021 13:48:54] "[35m[1mPUT /user HTTP/1.1[0m" 500 -
INFO:werkzeug: * Detected change in '/app/auctionAPI.py', reloading
INFO:werkzeug: * Restarting with stat
INFO:logger:
---------------------------------------------------------------
API v1.0 online: http://localhost:8080/


WARNING:werkzeug: * Debugger is active!
INFO:werkzeug: * Debugger PIN: 458-240-454
INFO:werkzeug:172.18.0.1 - - [25/Apr/2021 13:49:38] "[37mPUT /user HTTP/1.1[0m" 200 -
INFO:werkzeug:172.18.0.1 - - [25/Apr/2021 13:49:49] "[37mPUT /user HTTP/1.1[0m" 200 -
INFO:werkzeug: * Detected change in '/app/auctionAPI.py', reloading
INFO:werkzeug: * Restarting with stat
INFO:logger:
---------------------------------------------------------------
API v1.0 online: http://localhost:8080/


WARNING:werkzeug: * Debugger is active!
INFO:werkzeug: * Debugger PIN: 458-240-454
INFO:werkzeug:172.18.0.1 - - [25/Apr/2021 13:49:53] "[37mPUT /user HTTP/1.1[0m" 200 -
INFO:logger:
---------------------------------------------------------------
API v1.0 online: http://localhost:8080/


INFO:werkzeug: * Running on http://0.0.0.0:5000/ (Press CTRL+C to quit)
INFO:werkzeug: * Restarting with stat
INFO:logger:
---------------------------------------------------------------
API v1.0 online: http://localhost:8080/


WARNING:werkzeug: * Debugger is active!
INFO:werkzeug: * Debugger PIN: 122-496-794
INFO:werkzeug:172.18.0.1 - - [25/Apr/2021 17:46:39] "[37mPUT /user HTTP/1.1[0m" 200 -
INFO:werkzeug:172.18.0.1 - - [25/Apr/2021 17:46:45] "[37mPUT /user HTTP/1.1[0m" 200 -
INFO:werkzeug:172.18.0.1 - - [25/Apr/2021 17:46:46] "[37mPUT /user HTTP/1.1[0m" 200 -
INFO:werkzeug:172.18.0.1 - - [25/Apr/2021 17:46:47] "[37mPUT /user HTTP/1.1[0m" 200 -
INFO:werkzeug:172.18.0.1 - - [25/Apr/2021 17:46:47] "[37mPUT /user HTTP/1.1[0m" 200 -
INFO:werkzeug:172.18.0.1 - - [25/Apr/2021 17:46:48] "[37mPUT /user HTTP/1.1[0m" 200 -
INFO:werkzeug:172.18.0.1 - - [25/Apr/2021 17:46:48] "[37mPUT /user HTTP/1.1[0m" 200 -
INFO:werkzeug: * Detected change in '/app/auctionAPI.py', reloading
INFO:werkzeug: * Restarting with stat
INFO:logger:
---------------------------------------------------------------
API v1.0 online: http://localhost:8080/


WARNING:werkzeug: * Debugger is active!
INFO:werkzeug: * Debugger PIN: 122-496-794
INFO:werkzeug:172.18.0.1 - - [25/Apr/2021 17:49:25] "[33mGET /token HTTP/1.1[0m" 404 -
INFO:werkzeug:172.18.0.1 - - [25/Apr/2021 17:49:35] "[37mGET /DEBUG/token HTTP/1.1[0m" 200 -
INFO:werkzeug:172.18.0.1 - - [25/Apr/2021 17:50:07] "[37mGET /DEBUG/token HTTP/1.1[0m" 200 -
INFO:werkzeug:172.18.0.1 - - [25/Apr/2021 17:50:08] "[37mGET /DEBUG/token HTTP/1.1[0m" 200 -
INFO:werkzeug:172.18.0.1 - - [25/Apr/2021 17:50:10] "[37mPUT /user HTTP/1.1[0m" 200 -
INFO:werkzeug:172.18.0.1 - - [25/Apr/2021 17:50:13] "[37mGET /DEBUG/token HTTP/1.1[0m" 200 -
INFO:werkzeug:172.18.0.1 - - [25/Apr/2021 17:50:14] "[37mGET /DEBUG/token HTTP/1.1[0m" 200 -
INFO:werkzeug:172.18.0.1 - - [25/Apr/2021 17:50:15] "[37mGET /DEBUG/token HTTP/1.1[0m" 200 -
INFO:werkzeug:172.18.0.1 - - [25/Apr/2021 17:50:15] "[37mGET /DEBUG/token HTTP/1.1[0m" 200 -
INFO:werkzeug:172.18.0.1 - - [25/Apr/2021 17:50:15] "[37mGET /DEBUG/token HTTP/1.1[0m" 200 -
INFO:werkzeug:172.18.0.1 - - [25/Apr/2021 17:50:16] "[37mGET /DEBUG/token HTTP/1.1[0m" 200 -
INFO:werkzeug:172.18.0.1 - - [25/Apr/2021 17:50:16] "[37mGET /DEBUG/token HTTP/1.1[0m" 200 -
INFO:werkzeug:172.18.0.1 - - [25/Apr/2021 17:50:17] "[37mGET /DEBUG/token HTTP/1.1[0m" 200 -
INFO:werkzeug:172.18.0.1 - - [25/Apr/2021 17:50:59] "[31m[1mPUT /DEBUG/token HTTP/1.1[0m" 405 -
INFO:werkzeug:172.18.0.1 - - [25/Apr/2021 17:51:02] "[37mGET /DEBUG/token HTTP/1.1[0m" 200 -
INFO:werkzeug:172.18.0.1 - - [25/Apr/2021 17:51:05] "[37mGET /DEBUG/token HTTP/1.1[0m" 200 -
INFO:werkzeug: * Detected change in '/app/auctionAPI.py', reloading
INFO:werkzeug: * Restarting with stat
INFO:logger:
---------------------------------------------------------------
API v1.0 online: http://localhost:8080/


WARNING:werkzeug: * Debugger is active!
INFO:werkzeug: * Debugger PIN: 122-496-794
INFO:werkzeug: * Detected change in '/app/auctionAPI.py', reloading
INFO:werkzeug: * Restarting with stat
INFO:logger:
---------------------------------------------------------------
API v1.0 online: http://localhost:8080/


WARNING:werkzeug: * Debugger is active!
INFO:werkzeug: * Debugger PIN: 122-496-794
INFO:werkzeug: * Detected change in '/app/auctionAPI.py', reloading
INFO:werkzeug: * Restarting with stat
INFO:logger:
---------------------------------------------------------------
API v1.0 online: http://localhost:8080/


WARNING:werkzeug: * Debugger is active!
INFO:werkzeug: * Debugger PIN: 122-496-794
INFO:werkzeug:172.18.0.1 - - [25/Apr/2021 18:03:56] "[31m[1mGET /user HTTP/1.1[0m" 405 -
INFO:werkzeug:172.18.0.1 - - [25/Apr/2021 18:04:01] "[35m[1mPOST /user HTTP/1.1[0m" 500 -
INFO:werkzeug: * Detected change in '/app/auctionAPI.py', reloading
INFO:werkzeug: * Restarting with stat
INFO:logger:
---------------------------------------------------------------
API v1.0 online: http://localhost:8080/


WARNING:werkzeug: * Debugger is active!
INFO:werkzeug: * Debugger PIN: 122-496-794
INFO:werkzeug:172.18.0.1 - - [25/Apr/2021 18:04:16] "[37mPOST /user HTTP/1.1[0m" 200 -
INFO:werkzeug: * Detected change in '/app/auctionAPI.py', reloading
INFO:werkzeug: * Restarting with stat
INFO:logger:
---------------------------------------------------------------
API v1.0 online: http://localhost:8080/


WARNING:werkzeug: * Debugger is active!
INFO:werkzeug: * Debugger PIN: 122-496-794
INFO:werkzeug:172.18.0.1 - - [25/Apr/2021 18:04:44] "[37mPOST /user HTTP/1.1[0m" 200 -
INFO:werkzeug:172.18.0.1 - - [25/Apr/2021 18:04:48] "[37mPUT /user HTTP/1.1[0m" 200 -
INFO:werkzeug:172.18.0.1 - - [25/Apr/2021 18:04:53] "[37mPUT /user HTTP/1.1[0m" 200 -
INFO:werkzeug: * Detected change in '/app/auctionAPI.py', reloading
INFO:werkzeug: * Restarting with stat
INFO:logger:
---------------------------------------------------------------
API v1.0 online: http://localhost:8080/


WARNING:werkzeug: * Debugger is active!
INFO:werkzeug: * Debugger PIN: 122-496-794
INFO:werkzeug:172.18.0.1 - - [25/Apr/2021 18:05:33] "[35m[1mPUT /user HTTP/1.1[0m" 500 -
INFO:werkzeug: * Detected change in '/app/auctionAPI.py', reloading
INFO:werkzeug: * Restarting with stat
INFO:logger:
---------------------------------------------------------------
API v1.0 online: http://localhost:8080/


INFO:werkzeug: * Running on http://0.0.0.0:5000/ (Press CTRL+C to quit)
INFO:werkzeug: * Restarting with stat
INFO:logger:
---------------------------------------------------------------
API v1.0 online: http://localhost:8080/


WARNING:werkzeug: * Debugger is active!
INFO:werkzeug: * Debugger PIN: 783-033-414
INFO:werkzeug:172.18.0.1 - - [25/Apr/2021 18:07:01] "[37mPUT /user HTTP/1.1[0m" 200 -
INFO:werkzeug:172.18.0.1 - - [25/Apr/2021 18:07:17] "[37mPUT /user HTTP/1.1[0m" 200 -
INFO:werkzeug: * Detected change in '/app/auctionAPI.py', reloading
INFO:werkzeug: * Restarting with stat
INFO:logger:
---------------------------------------------------------------
API v1.0 online: http://localhost:8080/


WARNING:werkzeug: * Debugger is active!
INFO:werkzeug: * Debugger PIN: 783-033-414
INFO:werkzeug:172.18.0.1 - - [25/Apr/2021 18:07:18] "[37mPUT /user HTTP/1.1[0m" 200 -
INFO:werkzeug: * Detected change in '/app/auctionAPI.py', reloading
INFO:werkzeug: * Restarting with stat
INFO:logger:
---------------------------------------------------------------
API v1.0 online: http://localhost:8080/


WARNING:werkzeug: * Debugger is active!
INFO:werkzeug: * Debugger PIN: 783-033-414
INFO:werkzeug:172.18.0.1 - - [25/Apr/2021 18:08:04] "[35m[1mPUT /user HTTP/1.1[0m" 500 -
INFO:werkzeug: * Detected change in '/app/auctionAPI.py', reloading
INFO:werkzeug: * Restarting with stat
INFO:logger:
---------------------------------------------------------------
API v1.0 online: http://localhost:8080/


WARNING:werkzeug: * Debugger is active!
INFO:werkzeug: * Debugger PIN: 783-033-414
INFO:werkzeug:172.18.0.1 - - [25/Apr/2021 18:08:30] "[35m[1mPUT /user HTTP/1.1[0m" 500 -
INFO:werkzeug:172.18.0.1 - - [25/Apr/2021 18:08:39] "[35m[1mPUT /user HTTP/1.1[0m" 500 -
INFO:werkzeug: * Detected change in '/app/auctionAPI.py', reloading
INFO:werkzeug: * Restarting with stat
INFO:logger:
---------------------------------------------------------------
API v1.0 online: http://localhost:8080/


WARNING:werkzeug: * Debugger is active!
INFO:werkzeug: * Debugger PIN: 783-033-414
INFO:werkzeug:172.18.0.1 - - [25/Apr/2021 18:08:56] "[37mPUT /user HTTP/1.1[0m" 200 -
INFO:werkzeug: * Detected change in '/app/auctionAPI.py', reloading
INFO:werkzeug: * Restarting with stat
INFO:logger:
---------------------------------------------------------------
API v1.0 online: http://localhost:8080/


WARNING:werkzeug: * Debugger is active!
INFO:werkzeug: * Debugger PIN: 783-033-414
INFO:werkzeug: * Detected change in '/app/auctionAPI.py', reloading
INFO:werkzeug: * Restarting with stat
INFO:logger:
---------------------------------------------------------------
API v1.0 online: http://localhost:8080/


WARNING:werkzeug: * Debugger is active!
INFO:werkzeug: * Debugger PIN: 783-033-414
INFO:werkzeug:172.18.0.1 - - [25/Apr/2021 18:09:36] "[35m[1mPUT /user HTTP/1.1[0m" 500 -
INFO:werkzeug: * Detected change in '/app/auctionAPI.py', reloading
INFO:werkzeug: * Restarting with stat
INFO:logger:
---------------------------------------------------------------
API v1.0 online: http://localhost:8080/


WARNING:werkzeug: * Debugger is active!
INFO:werkzeug: * Debugger PIN: 783-033-414
INFO:werkzeug:172.18.0.1 - - [25/Apr/2021 18:09:50] "[37mPUT /user HTTP/1.1[0m" 200 -
INFO:werkzeug:172.18.0.1 - - [25/Apr/2021 18:09:58] "[37mPUT /user HTTP/1.1[0m" 200 -
INFO:werkzeug: * Detected change in '/app/auctionAPI.py', reloading
INFO:werkzeug: * Restarting with stat
INFO:logger:
---------------------------------------------------------------
API v1.0 online: http://localhost:8080/


WARNING:werkzeug: * Debugger is active!
INFO:werkzeug: * Debugger PIN: 783-033-414
INFO:werkzeug:172.18.0.1 - - [25/Apr/2021 18:10:02] "[35m[1mPUT /user HTTP/1.1[0m" 500 -
INFO:werkzeug: * Detected change in '/app/auctionAPI.py', reloading
INFO:werkzeug: * Restarting with stat
INFO:logger:
---------------------------------------------------------------
API v1.0 online: http://localhost:8080/


WARNING:werkzeug: * Debugger is active!
INFO:werkzeug: * Debugger PIN: 783-033-414
INFO:werkzeug: * Detected change in '/app/auctionAPI.py', reloading
INFO:werkzeug: * Restarting with stat
INFO:logger:
---------------------------------------------------------------
API v1.0 online: http://localhost:8080/


WARNING:werkzeug: * Debugger is active!
INFO:werkzeug: * Debugger PIN: 783-033-414
INFO:werkzeug:172.18.0.1 - - [25/Apr/2021 18:11:30] "[37mPUT /user HTTP/1.1[0m" 200 -
INFO:werkzeug:172.18.0.1 - - [25/Apr/2021 18:11:35] "[37mPOST /user HTTP/1.1[0m" 200 -
INFO:werkzeug: * Detected change in '/app/auctionAPI.py', reloading
INFO:werkzeug: * Restarting with stat
INFO:logger:
---------------------------------------------------------------
API v1.0 online: http://localhost:8080/


INFO:werkzeug: * Running on http://0.0.0.0:5000/ (Press CTRL+C to quit)
INFO:werkzeug: * Restarting with stat
INFO:logger:
---------------------------------------------------------------
API v1.0 online: http://localhost:8080/


WARNING:werkzeug: * Debugger is active!
INFO:werkzeug: * Debugger PIN: 124-181-894
INFO:werkzeug: * Detected change in '/app/auctionAPI.py', reloading
INFO:werkzeug: * Restarting with stat
INFO:logger:
---------------------------------------------------------------
API v1.0 online: http://localhost:8080/


WARNING:werkzeug: * Debugger is active!
INFO:werkzeug: * Debugger PIN: 124-181-894
INFO:werkzeug:172.18.0.1 - - [25/Apr/2021 18:17:34] "[37mPUT /user HTTP/1.1[0m" 200 -
INFO:werkzeug: * Detected change in '/app/auctionAPI.py', reloading
INFO:werkzeug: * Restarting with stat
INFO:logger:
---------------------------------------------------------------
API v1.0 online: http://localhost:8080/


WARNING:werkzeug: * Debugger is active!
INFO:werkzeug: * Debugger PIN: 124-181-894
INFO:werkzeug:172.18.0.1 - - [25/Apr/2021 18:18:06] "[37mPUT /user HTTP/1.1[0m" 200 -
INFO:werkzeug: * Detected change in '/app/auctionAPI.py', reloading
INFO:werkzeug: * Restarting with stat
INFO:logger:
---------------------------------------------------------------
API v1.0 online: http://localhost:8080/


WARNING:werkzeug: * Debugger is active!
INFO:werkzeug: * Debugger PIN: 124-181-894
INFO:werkzeug:172.18.0.1 - - [25/Apr/2021 18:18:37] "[37mPUT /user HTTP/1.1[0m" 200 -
INFO:werkzeug: * Detected change in '/app/auctionAPI.py', reloading
INFO:werkzeug: * Restarting with stat
INFO:logger:
---------------------------------------------------------------
API v1.0 online: http://localhost:8080/


WARNING:werkzeug: * Debugger is active!
INFO:werkzeug: * Debugger PIN: 124-181-894
INFO:werkzeug:172.18.0.1 - - [25/Apr/2021 18:18:53] "[37mPUT /user HTTP/1.1[0m" 200 -
INFO:werkzeug: * Detected change in '/app/auctionAPI.py', reloading
INFO:werkzeug: * Restarting with stat
INFO:logger:
---------------------------------------------------------------
API v1.0 online: http://localhost:8080/


WARNING:werkzeug: * Debugger is active!
INFO:werkzeug: * Debugger PIN: 124-181-894
INFO:werkzeug:172.18.0.1 - - [25/Apr/2021 18:19:42] "[37mPUT /user HTTP/1.1[0m" 200 -
INFO:werkzeug:172.18.0.1 - - [25/Apr/2021 18:19:43] "[37mPUT /user HTTP/1.1[0m" 200 -
INFO:werkzeug: * Detected change in '/app/auctionAPI.py', reloading
INFO:werkzeug: * Restarting with stat
INFO:logger:
---------------------------------------------------------------
API v1.0 online: http://localhost:8080/


WARNING:werkzeug: * Debugger is active!
INFO:werkzeug: * Debugger PIN: 124-181-894
INFO:werkzeug:172.18.0.1 - - [25/Apr/2021 18:19:49] "[37mPUT /user HTTP/1.1[0m" 200 -
INFO:werkzeug:172.18.0.1 - - [25/Apr/2021 18:19:50] "[37mPUT /user HTTP/1.1[0m" 200 -
INFO:werkzeug: * Detected change in '/app/auctionAPI.py', reloading
INFO:werkzeug: * Restarting with stat
INFO:logger:
---------------------------------------------------------------
API v1.0 online: http://localhost:8080/


WARNING:werkzeug: * Debugger is active!
INFO:werkzeug: * Debugger PIN: 124-181-894
INFO:werkzeug: * Detected change in '/app/auctionAPI.py', reloading
INFO:werkzeug: * Restarting with stat
INFO:logger:
---------------------------------------------------------------
API v1.0 online: http://localhost:8080/


WARNING:werkzeug: * Debugger is active!
INFO:werkzeug: * Debugger PIN: 124-181-894
INFO:werkzeug: * Detected change in '/app/auctionAPI.py', reloading
INFO:werkzeug: * Restarting with stat
INFO:logger:
---------------------------------------------------------------
API v1.0 online: http://localhost:8080/


WARNING:werkzeug: * Debugger is active!
INFO:werkzeug: * Debugger PIN: 124-181-894
INFO:werkzeug:172.18.0.1 - - [25/Apr/2021 18:21:13] "[37mPUT /user HTTP/1.1[0m" 200 -
INFO:werkzeug:172.18.0.1 - - [25/Apr/2021 18:21:14] "[37mPUT /user HTTP/1.1[0m" 200 -
INFO:werkzeug: * Detected change in '/app/auctionAPI.py', reloading
INFO:werkzeug: * Restarting with stat
INFO:logger:
---------------------------------------------------------------
API v1.0 online: http://localhost:8080/


WARNING:werkzeug: * Debugger is active!
INFO:werkzeug: * Debugger PIN: 124-181-894
INFO:werkzeug: * Detected change in '/app/auctionAPI.py', reloading
INFO:werkzeug: * Restarting with stat
INFO:logger:
---------------------------------------------------------------
API v1.0 online: http://localhost:8080/


WARNING:werkzeug: * Debugger is active!
INFO:werkzeug: * Debugger PIN: 124-181-894
INFO:werkzeug:172.18.0.1 - - [25/Apr/2021 18:35:14] "[35m[1mGET /DEBUG/token?token=eyJ0eXAiOiJKV1QiLCJhbGciOiJIUzI1NiJ9.eyJleHAiOjE2MTkzODAyNzQsImlhdCI6MTYxOTM3NDg3NCwic3ViIjoic2VybmFtZSJ9.9l1cCo95v3CAOG90zQtgNsFO-rnH_xF2GdsIGEagXGk HTTP/1.1[0m" 500 -
INFO:werkzeug: * Detected change in '/app/auctionAPI.py', reloading
INFO:werkzeug: * Restarting with stat
INFO:logger:
---------------------------------------------------------------
API v1.0 online: http://localhost:8080/


WARNING:werkzeug: * Debugger is active!
INFO:werkzeug: * Debugger PIN: 124-181-894
INFO:werkzeug:172.18.0.1 - - [25/Apr/2021 18:35:25] "[35m[1mGET /DEBUG/token?token=eyJ0eXAiOiJKV1QiLCJhbGciOiJIUzI1NiJ9.eyJleHAiOjE2MTkzODAyNzQsImlhdCI6MTYxOTM3NDg3NCwic3ViIjoic2VybmFtZSJ9.9l1cCo95v3CAOG90zQtgNsFO-rnH_xF2GdsIGEagXGk HTTP/1.1[0m" 500 -
INFO:werkzeug: * Detected change in '/app/auctionAPI.py', reloading
INFO:werkzeug: * Restarting with stat
INFO:logger:
---------------------------------------------------------------
API v1.0 online: http://localhost:8080/


WARNING:werkzeug: * Debugger is active!
INFO:werkzeug: * Debugger PIN: 124-181-894
INFO:werkzeug:172.18.0.1 - - [25/Apr/2021 18:35:42] "[35m[1mGET /DEBUG/token?token=eyJ0eXAiOiJKV1QiLCJhbGciOiJIUzI1NiJ9.eyJleHAiOjE2MTkzODAyNzQsImlhdCI6MTYxOTM3NDg3NCwic3ViIjoic2VybmFtZSJ9.9l1cCo95v3CAOG90zQtgNsFO-rnH_xF2GdsIGEagXGk HTTP/1.1[0m" 500 -
INFO:werkzeug: * Detected change in '/app/auctionAPI.py', reloading
INFO:werkzeug: * Restarting with stat
INFO:logger:
---------------------------------------------------------------
API v1.0 online: http://localhost:8080/


WARNING:werkzeug: * Debugger is active!
INFO:werkzeug: * Debugger PIN: 124-181-894
INFO:werkzeug:172.18.0.1 - - [25/Apr/2021 18:36:16] "[37mGET /DEBUG/token?token=eyJ0eXAiOiJKV1QiLCJhbGciOiJIUzI1NiJ9.eyJleHAiOjE2MTkzODAyNzQsImlhdCI6MTYxOTM3NDg3NCwic3ViIjoic2VybmFtZSJ9.9l1cCo95v3CAOG90zQtgNsFO-rnH_xF2GdsIGEagXGk HTTP/1.1[0m" 200 -
INFO:werkzeug: * Detected change in '/app/auctionAPI.py', reloading
INFO:werkzeug: * Restarting with stat
INFO:logger:
---------------------------------------------------------------
API v1.0 online: http://localhost:8080/


WARNING:werkzeug: * Debugger is active!
INFO:werkzeug: * Debugger PIN: 124-181-894
INFO:werkzeug:172.18.0.1 - - [25/Apr/2021 18:36:23] "[35m[1mGET /DEBUG/token?token=eyJ0eXAiOiJKV1QiLCJhbGciOiJIUzI1NiJ9.eyJleHAiOjE2MTkzODAyNzQsImlhdCI6MTYxOTM3NDg3NCwic3ViIjoic2VybmFtZSJ9.9l1cCo95v3CAOG90zQtgNsFO-rnH_xF2GdsIGEagXGk HTTP/1.1[0m" 500 -
INFO:werkzeug: * Detected change in '/app/auctionAPI.py', reloading
INFO:werkzeug: * Restarting with stat
INFO:logger:
---------------------------------------------------------------
API v1.0 online: http://localhost:8080/


WARNING:werkzeug: * Debugger is active!
INFO:werkzeug: * Debugger PIN: 124-181-894
INFO:werkzeug:172.18.0.1 - - [25/Apr/2021 18:36:33] "[37mGET /DEBUG/token?token=eyJ0eXAiOiJKV1QiLCJhbGciOiJIUzI1NiJ9.eyJleHAiOjE2MTkzODAyNzQsImlhdCI6MTYxOTM3NDg3NCwic3ViIjoic2VybmFtZSJ9.9l1cCo95v3CAOG90zQtgNsFO-rnH_xF2GdsIGEagXGk HTTP/1.1[0m" 200 -
INFO:werkzeug:172.18.0.1 - - [25/Apr/2021 18:36:37] "[37mGET /DEBUG/token?token=eyJ0eXAiOiJKV1QiLCJhbGciOiJIUzI1NiJ9.eyJleHAiOjE2MTkzODAyNzQsImlhdCI6MTYxOTM3NDg3NCwic3ViIjoic2VybmFtZSJ9.9l1cCo95v3CAOG90zQtgNsFO-rnH_xF2GdsIGEagXGk HTTP/1.1[0m" 200 -
INFO:werkzeug: * Detected change in '/app/auctionAPI.py', reloading
INFO:werkzeug: * Restarting with stat
INFO:logger:
---------------------------------------------------------------
API v1.0 online: http://localhost:8080/


WARNING:werkzeug: * Debugger is active!
INFO:werkzeug: * Debugger PIN: 124-181-894
INFO:werkzeug: * Detected change in '/app/auctionAPI.py', reloading
INFO:werkzeug: * Restarting with stat
INFO:logger:
---------------------------------------------------------------
API v1.0 online: http://localhost:8080/


WARNING:werkzeug: * Debugger is active!
INFO:werkzeug: * Debugger PIN: 124-181-894
INFO:werkzeug:172.18.0.1 - - [25/Apr/2021 18:36:54] "[35m[1mGET /DEBUG/token?token=eyJ0eXAiOiJKV1QiLCJhbGciOiJIUzI1NiJ9.eyJleHAiOjE2MTkzODAyNzQsImlhdCI6MTYxOTM3NDg3NCwic3ViIjoic2VybmFtZSJ9.9l1cCo95v3CAOG90zQtgNsFO-rnH_xF2GdsIGEagXGk HTTP/1.1[0m" 500 -
INFO:werkzeug: * Detected change in '/app/auctionAPI.py', reloading
INFO:werkzeug: * Restarting with stat
INFO:logger:
---------------------------------------------------------------
API v1.0 online: http://localhost:8080/


WARNING:werkzeug: * Debugger is active!
INFO:werkzeug: * Debugger PIN: 124-181-894
INFO:werkzeug:172.18.0.1 - - [25/Apr/2021 18:37:44] "[37mGET /DEBUG/token?token=eyJ0eXAiOiJKV1QiLCJhbGciOiJIUzI1NiJ9.eyJleHAiOjE2MTkzODAyNzQsImlhdCI6MTYxOTM3NDg3NCwic3ViIjoic2VybmFtZSJ9.9l1cCo95v3CAOG90zQtgNsFO-rnH_xF2GdsIGEagXGk HTTP/1.1[0m" 200 -
INFO:werkzeug:172.18.0.1 - - [25/Apr/2021 18:37:50] "[37mGET /DEBUG/token?token=eyJ0eXAiOiJKV1QiLCJhbGciOiJIUzI1NiJ9.eyJleHAiOjE2MTkzODAyNzQsImlhdCI6MTYxOTM3NDg3NCwic3ViIjoic2VybmFtZSJ9.9l1cCo95v3CAOG90zQtgNsFO-rnH_xF2GdsIGEagXGk HTTP/1.1[0m" 200 -
INFO:werkzeug: * Detected change in '/app/auctionAPI.py', reloading
INFO:werkzeug: * Restarting with stat
INFO:logger:
---------------------------------------------------------------
API v1.0 online: http://localhost:8080/


WARNING:werkzeug: * Debugger is active!
INFO:werkzeug: * Debugger PIN: 124-181-894
INFO:werkzeug:172.18.0.1 - - [25/Apr/2021 18:37:52] "[37mGET /DEBUG/token?token=eyJ0eXAiOiJKV1QiLCJhbGciOiJIUzI1NiJ9.eyJleHAiOjE2MTkzODAyNzQsImlhdCI6MTYxOTM3NDg3NCwic3ViIjoic2VybmFtZSJ9.9l1cCo95v3CAOG90zQtgNsFO-rnH_xF2GdsIGEagXGk HTTP/1.1[0m" 200 -
INFO:werkzeug: * Detected change in '/app/auctionAPI.py', reloading
INFO:werkzeug: * Restarting with stat
INFO:logger:
---------------------------------------------------------------
API v1.0 online: http://localhost:8080/


INFO:werkzeug: * Running on http://0.0.0.0:5000/ (Press CTRL+C to quit)
INFO:werkzeug: * Restarting with stat
INFO:logger:
---------------------------------------------------------------
API v1.0 online: http://localhost:8080/


WARNING:werkzeug: * Debugger is active!
INFO:werkzeug: * Debugger PIN: 507-162-466
INFO:werkzeug:172.18.0.1 - - [25/Apr/2021 18:42:37] "[37mGET /DEBUG/token?token=eyJ0eXAiOiJKV1QiLCJhbGciOiJIUzI1NiJ9.eyJleHAiOjE2MTkzODAyNzQsImlhdCI6MTYxOTM3NDg3NCwic3ViIjoic2VybmFtZSJ9.9l1cCo95v3CAOG90zQtgNsFO-rnH_xF2GdsIGEagXGk HTTP/1.1[0m" 200 -
INFO:werkzeug:172.18.0.1 - - [25/Apr/2021 18:42:43] "[37mGET /DEBUG/token?token=eyJ0eXAiOiJKV1iLCJhbGciOiJIUzI1NiJ9.eyJleHAiOjE2MTkzODAyNzQsImlhdCI6MTYxOTM3NDg3NCwic3ViIjoic2VybmFtZSJ9.9l1cCo95v3CAOG90zQtgNsFO-rnH_xF2GdsIGEagXGk HTTP/1.1[0m" 200 -
INFO:werkzeug: * Detected change in '/app/auctionAPI.py', reloading
INFO:werkzeug: * Restarting with stat
INFO:logger:
---------------------------------------------------------------
API v1.0 online: http://localhost:8080/


WARNING:werkzeug: * Debugger is active!
INFO:werkzeug: * Debugger PIN: 507-162-466
INFO:werkzeug: * Detected change in '/app/auctionAPI.py', reloading
INFO:werkzeug: * Restarting with stat
INFO:logger:
---------------------------------------------------------------
API v1.0 online: http://localhost:8080/


WARNING:werkzeug: * Debugger is active!
INFO:werkzeug: * Debugger PIN: 507-162-466
INFO:werkzeug: * Detected change in '/app/auctionAPI.py', reloading
INFO:werkzeug: * Restarting with stat
INFO:logger:
---------------------------------------------------------------
API v1.0 online: http://localhost:8080/


INFO:werkzeug: * Running on http://0.0.0.0:5000/ (Press CTRL+C to quit)
INFO:werkzeug: * Restarting with stat
INFO:logger:
---------------------------------------------------------------
API v1.0 online: http://localhost:8080/


WARNING:werkzeug: * Debugger is active!
INFO:werkzeug: * Debugger PIN: 272-972-780
INFO:werkzeug:172.18.0.1 - - [25/Apr/2021 18:45:27] "[37mGET /DEBUG/token?token=eyJ0eXAiOiJKV1iLCJhbGciOiJIUzI1NiJ9.eyJleHAiOjE2MTkzODAyNzQsImlhdCI6MTYxOTM3NDg3NCwic3ViIjoic2VybmFtZSJ9.9l1cCo95v3CAOG90zQtgNsFO-rnH_xF2GdsIGEagXGk HTTP/1.1[0m" 200 -
INFO:werkzeug:172.18.0.1 - - [25/Apr/2021 18:45:37] "[37mPUT /user HTTP/1.1[0m" 200 -
INFO:werkzeug:172.18.0.1 - - [25/Apr/2021 18:45:52] "[31m[1mPUT /DEBUG/token?token=eyJ0eXAiOiJKV1QiLCJhbGciOiJIUzI1NiJ9.eyJleHAiOjE2MTkzODE3MzcsImlhdCI6MTYxOTM3NjMzNywic3ViIjoic2VybmFtZSJ9.5-Lgea2fZUuk96eOM-Tgfvem9xIYDV2u2Uk8evftKrw HTTP/1.1[0m" 405 -
INFO:werkzeug:172.18.0.1 - - [25/Apr/2021 18:45:58] "[37mGET /DEBUG/token?token=eyJ0eXAiOiJKV1QiLCJhbGciOiJIUzI1NiJ9.eyJleHAiOjE2MTkzODE3MzcsImlhdCI6MTYxOTM3NjMzNywic3ViIjoic2VybmFtZSJ9.5-Lgea2fZUuk96eOM-Tgfvem9xIYDV2u2Uk8evftKrw HTTP/1.1[0m" 200 -
INFO:werkzeug: * Detected change in '/app/auctionAPI.py', reloading
INFO:werkzeug: * Restarting with stat
INFO:logger:
---------------------------------------------------------------
API v1.0 online: http://localhost:8080/


WARNING:werkzeug: * Debugger is active!
INFO:werkzeug: * Debugger PIN: 272-972-780
INFO:werkzeug:172.18.0.1 - - [25/Apr/2021 18:46:07] "[31m[1mPOST /DEBUG/token?token=eyJ0eXAiOiJKV1QiLCJhbGciOiJIUzI1NiJ9.eyJleHAiOjE2MTkzODE3MzcsImlhdCI6MTYxOTM3NjMzNywic3ViIjoic2VybmFtZSJ9.5-Lgea2fZUuk96eOM-Tgfvem9xIYDV2u2Uk8evftKrw HTTP/1.1[0m" 405 -
INFO:werkzeug:172.18.0.1 - - [25/Apr/2021 18:46:11] "[31m[1mPOST /DEBUG/token?token=eyJ0eXAiOiJKV1QiLCJhbGciOiJIUzI1NiJ9.eyJleHAiOjE2MTkzODE3MzcsImlhdCI6MTYxOTM3NjMzNywic3ViIjoic2VybmFtZSJ9.5-Lgea2fZUuk96eOM-Tgfvem9xIYDV2u2Uk8evftKrw HTTP/1.1[0m" 405 -
INFO:werkzeug:172.18.0.1 - - [25/Apr/2021 18:46:17] "[37mGET /DEBUG/token?token=eyJ0eXAiOiJKV1QiLCJhbGciOiJIUzI1NiJ9.eyJleHAiOjE2MTkzODE3MzcsImlhdCI6MTYxOTM3NjMzNywic3ViIjoic2VybmFtZSJ9.5-Lgea2fZUuk96eOM-Tgfvem9xIYDV2u2Uk8evftKrw HTTP/1.1[0m" 200 -
INFO:werkzeug: * Detected change in '/app/auctionAPI.py', reloading
INFO:werkzeug: * Restarting with stat
INFO:logger:
---------------------------------------------------------------
API v1.0 online: http://localhost:8080/


WARNING:werkzeug: * Debugger is active!
INFO:werkzeug: * Debugger PIN: 272-972-780
INFO:werkzeug: * Detected change in '/app/auctionAPI.py', reloading
INFO:werkzeug: * Restarting with stat
INFO:logger:
---------------------------------------------------------------
API v1.0 online: http://localhost:8080/


WARNING:werkzeug: * Debugger is active!
INFO:werkzeug: * Debugger PIN: 272-972-780
INFO:werkzeug:172.18.0.1 - - [25/Apr/2021 18:50:29] "[37mGET /leiloes HTTP/1.1[0m" 200 -
INFO:werkzeug: * Detected change in '/app/auctionAPI.py', reloading
INFO:werkzeug: * Restarting with stat
INFO:logger:
---------------------------------------------------------------
API v1.0 online: http://localhost:8080/


WARNING:werkzeug: * Debugger is active!
INFO:werkzeug: * Debugger PIN: 272-972-780
INFO:werkzeug:172.18.0.1 - - [25/Apr/2021 18:50:46] "[35m[1mGET /leiloes HTTP/1.1[0m" 500 -
INFO:werkzeug: * Detected change in '/app/auctionAPI.py', reloading
INFO:werkzeug: * Restarting with stat
INFO:logger:
---------------------------------------------------------------
API v1.0 online: http://localhost:8080/


WARNING:werkzeug: * Debugger is active!
INFO:werkzeug: * Debugger PIN: 272-972-780
INFO:werkzeug: * Detected change in '/app/auctionAPI.py', reloading
INFO:werkzeug: * Restarting with stat
INFO:logger:
---------------------------------------------------------------
API v1.0 online: http://localhost:8080/


WARNING:werkzeug: * Debugger is active!
INFO:werkzeug: * Debugger PIN: 272-972-780
INFO:werkzeug:172.18.0.1 - - [25/Apr/2021 18:51:42] "[35m[1mGET /leiloes HTTP/1.1[0m" 500 -
INFO:werkzeug:172.18.0.1 - - [25/Apr/2021 18:51:45] "[35m[1mGET /leiloes HTTP/1.1[0m" 500 -
INFO:werkzeug: * Detected change in '/app/auctionAPI.py', reloading
INFO:werkzeug: * Restarting with stat
INFO:logger:
---------------------------------------------------------------
API v1.0 online: http://localhost:8080/


WARNING:werkzeug: * Debugger is active!
INFO:werkzeug: * Debugger PIN: 272-972-780
INFO:werkzeug:172.18.0.1 - - [25/Apr/2021 18:52:34] "[37mGET /leiloes HTTP/1.1[0m" 200 -
INFO:werkzeug:172.18.0.1 - - [25/Apr/2021 18:52:54] "[37mGET /leiloes?token=eyJ0eXAiOiJKV1QiLCJhbGciOiJIUzI1NiJ9.eyJleHAiOjE2MTkzODE3MzcsImlhdCI6MTYxOTM3NjMzNywic3ViIjoic2VybmFtZSJ9.5-Lgea2fZUuk96eOM-Tgfvem9xIYDV2u2Uk8evftKrw HTTP/1.1[0m" 200 -
INFO:werkzeug:172.18.0.1 - - [25/Apr/2021 18:52:58] "[37mGET /leiloes?token=eyJ0eXAiOiJKV1QiCJhbGciOiJIUzI1NiJ9.eyJleHAiOjE2MTkzODE3MzcsImlhdCI6MTYxOTM3NjMzNywic3ViIjoic2VybmFtZSJ9.5-Lgea2fZUuk96eOM-Tgfvem9xIYDV2u2Uk8evftKrw HTTP/1.1[0m" 200 -
INFO:werkzeug:172.18.0.1 - - [25/Apr/2021 18:53:02] "[37mGET /leiloes?token=eyJ0eXAiOiJKV1QiLCJhbGciOiJIUzI1NiJ9.eyJleHAiOjE2MTkzODE3MzcsImlhdCI6MTYxOTM3NjMzNywic3ViIjoic2VybmFtZSJ9.5-Lgea2fZUuk96eOM-Tgfvem9xIYDV2u2Uk8evftKrw HTTP/1.1[0m" 200 -
INFO:werkzeug: * Detected change in '/app/auctionAPI.py', reloading
INFO:werkzeug: * Restarting with stat
INFO:logger:
---------------------------------------------------------------
API v1.0 online: http://localhost:8080/


WARNING:werkzeug: * Debugger is active!
INFO:werkzeug: * Debugger PIN: 272-972-780
INFO:werkzeug: * Detected change in '/app/auctionAPI.py', reloading
INFO:werkzeug: * Restarting with stat
INFO:logger:
---------------------------------------------------------------
API v1.0 online: http://localhost:8080/


WARNING:werkzeug: * Debugger is active!
INFO:werkzeug: * Debugger PIN: 272-972-780
INFO:werkzeug: * Detected change in '/app/auctionAPI.py', reloading
INFO:werkzeug: * Restarting with stat
INFO:logger:
---------------------------------------------------------------
API v1.0 online: http://localhost:8080/


WARNING:werkzeug: * Debugger is active!
INFO:werkzeug: * Debugger PIN: 272-972-780
INFO:werkzeug: * Detected change in '/app/auctionAPI.py', reloading
INFO:werkzeug: * Restarting with stat
INFO:logger:
---------------------------------------------------------------
API v1.0 online: http://localhost:8080/


WARNING:werkzeug: * Debugger is active!
INFO:werkzeug: * Debugger PIN: 272-972-780
INFO:werkzeug: * Detected change in '/app/auctionAPI.py', reloading
INFO:werkzeug: * Restarting with stat
INFO:logger:
---------------------------------------------------------------
API v1.0 online: http://localhost:8080/


WARNING:werkzeug: * Debugger is active!
INFO:werkzeug: * Debugger PIN: 272-972-780
INFO:werkzeug: * Detected change in '/app/auctionAPI.py', reloading
INFO:werkzeug: * Restarting with stat
INFO:logger:
---------------------------------------------------------------
API v1.0 online: http://localhost:8080/


WARNING:werkzeug: * Debugger is active!
INFO:werkzeug: * Debugger PIN: 272-972-780
INFO:werkzeug: * Detected change in '/app/auctionAPI.py', reloading
INFO:werkzeug: * Restarting with stat
INFO:logger:
---------------------------------------------------------------
API v1.0 online: http://localhost:8080/


WARNING:werkzeug: * Debugger is active!
INFO:werkzeug: * Debugger PIN: 272-972-780
INFO:werkzeug: * Detected change in '/app/auctionAPI.py', reloading
INFO:werkzeug: * Restarting with stat
INFO:logger:
---------------------------------------------------------------
API v1.0 online: http://localhost:8080/


WARNING:werkzeug: * Debugger is active!
INFO:werkzeug: * Debugger PIN: 272-972-780
INFO:werkzeug: * Detected change in '/app/auctionAPI.py', reloading
INFO:werkzeug: * Restarting with stat
INFO:logger:
---------------------------------------------------------------
API v1.0 online: http://localhost:8080/


WARNING:werkzeug: * Debugger is active!
INFO:werkzeug: * Debugger PIN: 272-972-780
INFO:werkzeug: * Detected change in '/app/auctionAPI.py', reloading
INFO:werkzeug: * Restarting with stat
INFO:logger:
---------------------------------------------------------------
API v1.0 online: http://localhost:8080/


WARNING:werkzeug: * Debugger is active!
INFO:werkzeug: * Debugger PIN: 272-972-780
INFO:werkzeug: * Detected change in '/app/auctionAPI.py', reloading
INFO:werkzeug: * Restarting with stat
INFO:logger:
---------------------------------------------------------------
API v1.0 online: http://localhost:8080/


WARNING:werkzeug: * Debugger is active!
INFO:werkzeug: * Debugger PIN: 272-972-780
INFO:werkzeug: * Detected change in '/app/auctionAPI.py', reloading
INFO:werkzeug: * Restarting with stat
INFO:logger:
---------------------------------------------------------------
API v1.0 online: http://localhost:8080/


WARNING:werkzeug: * Debugger is active!
INFO:werkzeug: * Debugger PIN: 272-972-780
INFO:werkzeug:172.18.0.1 - - [25/Apr/2021 19:02:50] "[35m[1mGET /leiloes?token=eyJ0eXAiOiJKV1QiLCJhbGciOiJIUzI1NiJ9.eyJleHAiOjE2MTkzODE3MzcsImlhdCI6MTYxOTM3NjMzNywic3ViIjoic2VybmFtZSJ9.5-Lgea2fZUuk96eOM-Tgfvem9xIYDV2u2Uk8evftKrw HTTP/1.1[0m" 500 -
INFO:werkzeug: * Detected change in '/app/auctionAPI.py', reloading
INFO:werkzeug: * Restarting with stat
INFO:logger:
---------------------------------------------------------------
API v1.0 online: http://localhost:8080/


WARNING:werkzeug: * Debugger is active!
INFO:werkzeug: * Debugger PIN: 272-972-780
INFO:werkzeug: * Detected change in '/app/auctionAPI.py', reloading
INFO:werkzeug: * Restarting with stat
INFO:logger:
---------------------------------------------------------------
API v1.0 online: http://localhost:8080/


WARNING:werkzeug: * Debugger is active!
INFO:werkzeug: * Debugger PIN: 272-972-780
INFO:werkzeug: * Detected change in '/app/auctionAPI.py', reloading
INFO:werkzeug: * Restarting with stat
INFO:logger:
---------------------------------------------------------------
API v1.0 online: http://localhost:8080/


INFO:werkzeug: * Running on http://0.0.0.0:5000/ (Press CTRL+C to quit)
INFO:werkzeug: * Restarting with stat
INFO:logger:
---------------------------------------------------------------
API v1.0 online: http://localhost:8080/


WARNING:werkzeug: * Debugger is active!
INFO:werkzeug: * Debugger PIN: 225-736-947
INFO:werkzeug: * Detected change in '/app/auctionAPI.py', reloading
INFO:werkzeug: * Restarting with stat
INFO:logger:
---------------------------------------------------------------
API v1.0 online: http://localhost:8080/


WARNING:werkzeug: * Debugger is active!
INFO:werkzeug: * Debugger PIN: 225-736-947
INFO:werkzeug: * Detected change in '/app/auctionAPI.py', reloading
INFO:werkzeug: * Restarting with stat
INFO:logger:
---------------------------------------------------------------
API v1.0 online: http://localhost:8080/


WARNING:werkzeug: * Debugger is active!
INFO:werkzeug: * Debugger PIN: 225-736-947
INFO:werkzeug: * Detected change in '/app/auctionAPI.py', reloading
INFO:werkzeug: * Restarting with stat
INFO:logger:
---------------------------------------------------------------
API v1.0 online: http://localhost:8080/


WARNING:werkzeug: * Debugger is active!
INFO:werkzeug: * Debugger PIN: 225-736-947
INFO:werkzeug: * Detected change in '/app/auctionAPI.py', reloading
INFO:werkzeug: * Restarting with stat
INFO:logger:
---------------------------------------------------------------
API v1.0 online: http://localhost:8080/


WARNING:werkzeug: * Debugger is active!
INFO:werkzeug: * Debugger PIN: 225-736-947
INFO:werkzeug:172.18.0.1 - - [26/Apr/2021 13:27:32] "[37mGET /DEBUG/token?token=eyJ0eXAiOiJKV1QiLCJhbGciOiJIUzI1NiJ9.eyJleHAiOjE2MTkzODE3MzcsImlhdCI6MTYxOTM3NjMzNywic3ViIjoic2VybmFtZSJ9.5-Lgea2fZUuk96eOM-Tgfvem9xIYDV2u2Uk8evftKrw HTTP/1.1[0m" 200 -
INFO:werkzeug:172.18.0.1 - - [26/Apr/2021 13:27:46] "[31m[1mGET /user HTTP/1.1[0m" 405 -
INFO:werkzeug:172.18.0.1 - - [26/Apr/2021 13:27:52] "[37mPUT /user HTTP/1.1[0m" 200 -
INFO:werkzeug:172.18.0.1 - - [26/Apr/2021 13:28:15] "[31m[1mPUT /DEBUG/token?token=eyJ0eXAiOiJKV1QiLCJhbGciOiJIUzI1NiJ9.eyJleHAiOjE2MTk0NDkwNzIsImlhdCI6MTYxOTQ0MzY3Miwic3ViIjoic2VybmFtZSJ9.1G1-XUIn-0XRGLV23RmPQjgf7Ptib6kkJTiivYMlNDU HTTP/1.1[0m" 405 -
INFO:werkzeug:172.18.0.1 - - [26/Apr/2021 13:28:19] "[37mGET /DEBUG/token?token=eyJ0eXAiOiJKV1QiLCJhbGciOiJIUzI1NiJ9.eyJleHAiOjE2MTk0NDkwNzIsImlhdCI6MTYxOTQ0MzY3Miwic3ViIjoic2VybmFtZSJ9.1G1-XUIn-0XRGLV23RmPQjgf7Ptib6kkJTiivYMlNDU HTTP/1.1[0m" 200 -
INFO:werkzeug: * Detected change in '/app/auctionAPI.py', reloading
INFO:werkzeug: * Restarting with stat
INFO:logger:
---------------------------------------------------------------
API v1.0 online: http://localhost:8080/


WARNING:werkzeug: * Debugger is active!
INFO:werkzeug: * Debugger PIN: 225-736-947
INFO:logger:
closed


INFO:werkzeug:172.18.0.1 - - [26/Apr/2021 13:29:00] "[37mGET /DEBUG/token?token=eyJ0eXAiOiJKV1QiLCJhbGciOiJIUzI1NiJ9.eyJleHAiOjE2MTk0NDkwNzIsImlhdCI6MTYxOTQ0MzY3Miwic3ViIjoic2VybmFtZSJ9.1G1-XUIn-0XRGLV23RmPQjgf7Ptib6kkJTiivYMlNDU HTTP/1.1[0m" 200 -
INFO:werkzeug: * Detected change in '/app/auctionAPI.py', reloading
INFO:werkzeug: * Restarting with stat
INFO:logger:
---------------------------------------------------------------
API v1.0 online: http://localhost:8080/


WARNING:werkzeug: * Debugger is active!
INFO:werkzeug: * Debugger PIN: 225-736-947
INFO:werkzeug: * Detected change in '/app/auctionAPI.py', reloading
INFO:werkzeug: * Restarting with stat
INFO:logger:
---------------------------------------------------------------
API v1.0 online: http://localhost:8080/


WARNING:werkzeug: * Debugger is active!
INFO:werkzeug: * Debugger PIN: 225-736-947
INFO:werkzeug: * Detected change in '/app/auctionAPI.py', reloading
INFO:werkzeug: * Restarting with stat
INFO:logger:
---------------------------------------------------------------
API v1.0 online: http://localhost:8080/


WARNING:werkzeug: * Debugger is active!
INFO:werkzeug: * Debugger PIN: 225-736-947
INFO:werkzeug: * Detected change in '/app/auctionAPI.py', reloading
INFO:werkzeug: * Restarting with stat
INFO:logger:
---------------------------------------------------------------
API v1.0 online: http://localhost:8080/


WARNING:werkzeug: * Debugger is active!
INFO:werkzeug: * Debugger PIN: 225-736-947
INFO:werkzeug: * Detected change in '/app/auctionAPI.py', reloading
INFO:werkzeug: * Restarting with stat
INFO:logger:
---------------------------------------------------------------
API v1.0 online: http://localhost:8080/


WARNING:werkzeug: * Debugger is active!
INFO:werkzeug: * Debugger PIN: 225-736-947
INFO:werkzeug: * Detected change in '/app/auctionAPI.py', reloading
INFO:werkzeug: * Restarting with stat
INFO:logger:
---------------------------------------------------------------
API v1.0 online: http://localhost:8080/


WARNING:werkzeug: * Debugger is active!
INFO:werkzeug: * Debugger PIN: 225-736-947
INFO:werkzeug:172.18.0.1 - - [26/Apr/2021 13:30:43] "[35m[1mGET /leiloes?token=eyJ0eXAiOiJKV1QiLCJhbGciOiJIUzI1NiJ9.eyJleHAiOjE2MTk0NDkwNzIsImlhdCI6MTYxOTQ0MzY3Miwic3ViIjoic2VybmFtZSJ9.1G1-XUIn-0XRGLV23RmPQjgf7Ptib6kkJTiivYMlNDU HTTP/1.1[0m" 500 -
INFO:werkzeug: * Detected change in '/app/auctionAPI.py', reloading
INFO:werkzeug: * Restarting with stat
INFO:logger:
---------------------------------------------------------------
API v1.0 online: http://localhost:8080/


WARNING:werkzeug: * Debugger is active!
INFO:werkzeug: * Debugger PIN: 225-736-947
INFO:werkzeug:172.18.0.1 - - [26/Apr/2021 13:31:13] "[37mGET /leiloes?token=eyJ0eXAiOiJKV1QiLCJhbGciOiJIUzI1NiJ9.eyJleHAiOjE2MTk0NDkwNzIsImlhdCI6MTYxOTQ0MzY3Miwic3ViIjoic2VybmFtZSJ9.1G1-XUIn-0XRGLV23RmPQjgf7Ptib6kkJTiivYMlNDU HTTP/1.1[0m" 200 -
INFO:werkzeug: * Detected change in '/app/auctionAPI.py', reloading
INFO:werkzeug: * Restarting with stat
INFO:logger:
---------------------------------------------------------------
API v1.0 online: http://localhost:8080/


WARNING:werkzeug: * Debugger is active!
INFO:werkzeug: * Debugger PIN: 225-736-947
INFO:werkzeug: * Detected change in '/app/auctionAPI.py', reloading
INFO:werkzeug: * Restarting with stat
INFO:logger:
---------------------------------------------------------------
API v1.0 online: http://localhost:8080/


WARNING:werkzeug: * Debugger is active!
INFO:werkzeug: * Debugger PIN: 225-736-947
INFO:werkzeug:172.18.0.1 - - [26/Apr/2021 13:31:32] "[37mGET /leiloes?token=eyJ0eXAiOiJKV1QiLCJhbGciOiJIUzI1NiJ9.eyJleHAiOjE2MTk0NDkwNzIsImlhdCI6MTYxOTQ0MzY3Miwic3ViIjoic2VybmFtZSJ9.1G1-XUIn-0XRGLV23RmPQjgf7Ptib6kkJTiivYMlNDU HTTP/1.1[0m" 200 -
INFO:werkzeug: * Detected change in '/app/auctionAPI.py', reloading
INFO:werkzeug: * Restarting with stat
INFO:logger:
---------------------------------------------------------------
API v1.0 online: http://localhost:8080/


WARNING:werkzeug: * Debugger is active!
INFO:werkzeug: * Debugger PIN: 225-736-947
INFO:werkzeug: * Detected change in '/app/auctionAPI.py', reloading
INFO:werkzeug: * Restarting with stat
INFO:logger:
---------------------------------------------------------------
API v1.0 online: http://localhost:8080/


WARNING:werkzeug: * Debugger is active!
INFO:werkzeug: * Debugger PIN: 225-736-947
INFO:werkzeug: * Detected change in '/app/auctionAPI.py', reloading
INFO:werkzeug: * Restarting with stat
INFO:logger:
---------------------------------------------------------------
API v1.0 online: http://localhost:8080/


WARNING:werkzeug: * Debugger is active!
INFO:werkzeug: * Debugger PIN: 225-736-947
INFO:werkzeug: * Detected change in '/app/auctionAPI.py', reloading
INFO:werkzeug: * Restarting with stat
INFO:logger:
---------------------------------------------------------------
API v1.0 online: http://localhost:8080/


WARNING:werkzeug: * Debugger is active!
INFO:werkzeug: * Debugger PIN: 225-736-947
INFO:werkzeug:172.18.0.1 - - [26/Apr/2021 13:34:03] "[35m[1mPUT /user HTTP/1.1[0m" 500 -
INFO:werkzeug: * Detected change in '/app/auctionAPI.py', reloading
INFO:werkzeug: * Restarting with stat
INFO:logger:
---------------------------------------------------------------
API v1.0 online: http://localhost:8080/


WARNING:werkzeug: * Debugger is active!
INFO:werkzeug: * Debugger PIN: 225-736-947
INFO:werkzeug: * Detected change in '/app/auctionAPI.py', reloading
INFO:werkzeug: * Restarting with stat
INFO:logger:
---------------------------------------------------------------
API v1.0 online: http://localhost:8080/


INFO:werkzeug: * Running on http://0.0.0.0:5000/ (Press CTRL+C to quit)
INFO:werkzeug: * Restarting with stat
INFO:logger:
---------------------------------------------------------------
API v1.0 online: http://localhost:8080/


WARNING:werkzeug: * Debugger is active!
INFO:werkzeug: * Debugger PIN: 473-954-034
INFO:werkzeug:172.18.0.1 - - [26/Apr/2021 13:37:05] "[35m[1mPUT /user HTTP/1.1[0m" 500 -
INFO:werkzeug: * Detected change in '/app/auctionAPI.py', reloading
INFO:werkzeug: * Restarting with stat
INFO:logger:
---------------------------------------------------------------
API v1.0 online: http://localhost:8080/


WARNING:werkzeug: * Debugger is active!
INFO:werkzeug: * Debugger PIN: 473-954-034
INFO:werkzeug: * Detected change in '/app/auctionAPI.py', reloading
INFO:werkzeug: * Restarting with stat
INFO:logger:
---------------------------------------------------------------
API v1.0 online: http://localhost:8080/


WARNING:werkzeug: * Debugger is active!
INFO:werkzeug: * Debugger PIN: 473-954-034
INFO:werkzeug: * Detected change in '/app/auctionAPI.py', reloading
INFO:werkzeug: * Restarting with stat
INFO:logger:
---------------------------------------------------------------
API v1.0 online: http://localhost:8080/


WARNING:werkzeug: * Debugger is active!
INFO:werkzeug: * Debugger PIN: 473-954-034
INFO:werkzeug: * Detected change in '/app/auctionAPI.py', reloading
INFO:werkzeug: * Restarting with stat
INFO:logger:
---------------------------------------------------------------
API v1.0 online: http://localhost:8080/


WARNING:werkzeug: * Debugger is active!
INFO:werkzeug: * Debugger PIN: 473-954-034
INFO:werkzeug:172.18.0.1 - - [26/Apr/2021 13:37:38] "[35m[1mPUT /user HTTP/1.1[0m" 500 -
INFO:werkzeug: * Detected change in '/app/auctionAPI.py', reloading
INFO:werkzeug: * Restarting with stat
INFO:logger:
---------------------------------------------------------------
API v1.0 online: http://localhost:8080/


WARNING:werkzeug: * Debugger is active!
INFO:werkzeug: * Debugger PIN: 473-954-034
INFO:werkzeug:172.18.0.1 - - [26/Apr/2021 13:37:46] "[35m[1mPUT /user HTTP/1.1[0m" 500 -
INFO:werkzeug:172.18.0.1 - - [26/Apr/2021 13:37:47] "[35m[1mPUT /user HTTP/1.1[0m" 500 -
INFO:werkzeug:172.18.0.1 - - [26/Apr/2021 13:37:49] "[35m[1mPUT /user HTTP/1.1[0m" 500 -
INFO:werkzeug: * Detected change in '/app/auctionAPI.py', reloading
INFO:werkzeug: * Restarting with stat
INFO:logger:
---------------------------------------------------------------
API v1.0 online: http://localhost:8080/


WARNING:werkzeug: * Debugger is active!
INFO:werkzeug: * Debugger PIN: 473-954-034
INFO:logger:username
INFO:logger:password
INFO:werkzeug:172.18.0.1 - - [26/Apr/2021 13:38:16] "[37mPUT /user HTTP/1.1[0m" 200 -
INFO:logger:username
INFO:logger:password
INFO:werkzeug:172.18.0.1 - - [26/Apr/2021 13:38:23] "[37mPUT /user HTTP/1.1[0m" 200 -
INFO:werkzeug: * Detected change in '/app/auctionAPI.py', reloading
INFO:werkzeug: * Restarting with stat
INFO:logger:
---------------------------------------------------------------
API v1.0 online: http://localhost:8080/


WARNING:werkzeug: * Debugger is active!
INFO:werkzeug: * Debugger PIN: 473-954-034
INFO:werkzeug:172.18.0.1 - - [26/Apr/2021 13:39:13] "[35m[1mPUT /user HTTP/1.1[0m" 500 -
INFO:werkzeug: * Detected change in '/app/auctionAPI.py', reloading
INFO:werkzeug: * Restarting with stat
INFO:logger:
---------------------------------------------------------------
API v1.0 online: http://localhost:8080/


WARNING:werkzeug: * Debugger is active!
INFO:werkzeug: * Debugger PIN: 473-954-034
INFO:werkzeug:172.18.0.1 - - [26/Apr/2021 13:39:26] "[35m[1mPUT /user HTTP/1.1[0m" 500 -
INFO:werkzeug: * Detected change in '/app/auctionAPI.py', reloading
INFO:werkzeug: * Restarting with stat
INFO:logger:
---------------------------------------------------------------
API v1.0 online: http://localhost:8080/


WARNING:werkzeug: * Debugger is active!
INFO:werkzeug: * Debugger PIN: 473-954-034
INFO:werkzeug: * Detected change in '/app/auctionAPI.py', reloading
INFO:werkzeug: * Restarting with stat
INFO:logger:
---------------------------------------------------------------
API v1.0 online: http://localhost:8080/


WARNING:werkzeug: * Debugger is active!
INFO:werkzeug: * Debugger PIN: 473-954-034
INFO:werkzeug:172.18.0.1 - - [26/Apr/2021 13:43:00] "[35m[1mPUT /user HTTP/1.1[0m" 500 -
INFO:werkzeug: * Detected change in '/app/auctionAPI.py', reloading
INFO:werkzeug: * Restarting with stat
INFO:logger:
---------------------------------------------------------------
API v1.0 online: http://localhost:8080/


WARNING:werkzeug: * Debugger is active!
INFO:werkzeug: * Debugger PIN: 473-954-034
INFO:logger:username
INFO:logger:password
INFO:werkzeug:172.18.0.1 - - [26/Apr/2021 13:43:06] "[37mPUT /user HTTP/1.1[0m" 200 -
INFO:werkzeug: * Detected change in '/app/auctionAPI.py', reloading
INFO:werkzeug: * Restarting with stat
INFO:logger:
---------------------------------------------------------------
API v1.0 online: http://localhost:8080/


WARNING:werkzeug: * Debugger is active!
INFO:werkzeug: * Debugger PIN: 473-954-034
INFO:werkzeug: * Detected change in '/app/auctionAPI.py', reloading
INFO:werkzeug: * Restarting with stat
INFO:logger:
---------------------------------------------------------------
API v1.0 online: http://localhost:8080/


WARNING:werkzeug: * Debugger is active!
INFO:werkzeug: * Debugger PIN: 473-954-034
INFO:werkzeug: * Detected change in '/app/auctionAPI.py', reloading
INFO:werkzeug: * Restarting with stat
INFO:logger:
---------------------------------------------------------------
API v1.0 online: http://localhost:8080/


WARNING:werkzeug: * Debugger is active!
INFO:werkzeug: * Debugger PIN: 473-954-034
INFO:werkzeug:172.18.0.1 - - [26/Apr/2021 13:45:54] "[37mPUT /user HTTP/1.1[0m" 200 -
INFO:werkzeug: * Detected change in '/app/auctionAPI.py', reloading
INFO:werkzeug: * Restarting with stat
INFO:logger:
---------------------------------------------------------------
API v1.0 online: http://localhost:8080/


WARNING:werkzeug: * Debugger is active!
INFO:werkzeug: * Debugger PIN: 473-954-034
INFO:logger:inserted
INFO:werkzeug:172.18.0.1 - - [26/Apr/2021 13:46:17] "[37mPUT /user HTTP/1.1[0m" 200 -
INFO:werkzeug: * Detected change in '/app/auctionAPI.py', reloading
INFO:werkzeug: * Restarting with stat
INFO:logger:
---------------------------------------------------------------
API v1.0 online: http://localhost:8080/


WARNING:werkzeug: * Debugger is active!
INFO:werkzeug: * Debugger PIN: 473-954-034
INFO:werkzeug: * Detected change in '/app/auctionAPI.py', reloading
INFO:werkzeug: * Restarting with stat
INFO:logger:
---------------------------------------------------------------
API v1.0 online: http://localhost:8080/


INFO:werkzeug: * Running on http://0.0.0.0:5000/ (Press CTRL+C to quit)
INFO:werkzeug: * Restarting with stat
INFO:logger:
---------------------------------------------------------------
API v1.0 online: http://localhost:8080/


WARNING:werkzeug: * Debugger is active!
INFO:werkzeug: * Debugger PIN: 236-208-581
INFO:logger:
---------------------------------------------------------------
ERROR: Wrong Arguments


INFO:werkzeug:172.18.0.1 - - [26/Apr/2021 13:58:45] "[37mPUT /user HTTP/1.1[0m" 200 -
INFO:werkzeug:172.18.0.1 - - [26/Apr/2021 13:58:55] "[37mPUT /user HTTP/1.1[0m" 200 -
INFO:werkzeug: * Detected change in '/app/auctionAPI.py', reloading
INFO:werkzeug: * Restarting with stat
INFO:logger:
---------------------------------------------------------------
API v1.0 online: http://localhost:8080/


WARNING:werkzeug: * Debugger is active!
INFO:werkzeug: * Debugger PIN: 236-208-581
INFO:werkzeug: * Detected change in '/app/auctionAPI.py', reloading
INFO:werkzeug: * Restarting with stat
INFO:logger:
---------------------------------------------------------------
API v1.0 online: http://localhost:8080/


WARNING:werkzeug: * Debugger is active!
INFO:werkzeug: * Debugger PIN: 236-208-581
INFO:werkzeug: * Detected change in '/app/auctionAPI.py', reloading
INFO:werkzeug: * Restarting with stat
INFO:logger:
---------------------------------------------------------------
API v1.0 online: http://localhost:8080/


WARNING:werkzeug: * Debugger is active!
INFO:werkzeug: * Debugger PIN: 236-208-581
INFO:werkzeug: * Detected change in '/app/auctionAPI.py', reloading
INFO:werkzeug: * Restarting with stat
INFO:logger:
---------------------------------------------------------------
API v1.0 online: http://localhost:8080/


WARNING:werkzeug: * Debugger is active!
INFO:werkzeug: * Debugger PIN: 236-208-581
INFO:werkzeug: * Detected change in '/app/auctionAPI.py', reloading
INFO:werkzeug: * Restarting with stat
INFO:logger:
---------------------------------------------------------------
API v1.0 online: http://localhost:8080/


WARNING:werkzeug: * Debugger is active!
INFO:werkzeug: * Debugger PIN: 236-208-581
INFO:werkzeug: * Detected change in '/app/auctionAPI.py', reloading
INFO:werkzeug: * Restarting with stat
INFO:logger:
---------------------------------------------------------------
API v1.0 online: http://localhost:8080/


WARNING:werkzeug: * Debugger is active!
INFO:werkzeug: * Debugger PIN: 236-208-581
INFO:werkzeug: * Detected change in '/app/auctionAPI.py', reloading
INFO:werkzeug: * Restarting with stat
INFO:logger:
---------------------------------------------------------------
API v1.0 online: http://localhost:8080/


WARNING:werkzeug: * Debugger is active!
INFO:werkzeug: * Debugger PIN: 236-208-581
INFO:werkzeug: * Detected change in '/app/auctionAPI.py', reloading
INFO:werkzeug: * Restarting with stat
INFO:logger:
---------------------------------------------------------------
API v1.0 online: http://localhost:8080/


WARNING:werkzeug: * Debugger is active!
INFO:werkzeug: * Debugger PIN: 236-208-581
INFO:werkzeug: * Detected change in '/app/auctionAPI.py', reloading
INFO:werkzeug: * Restarting with stat
INFO:logger:
---------------------------------------------------------------
API v1.0 online: http://localhost:8080/


INFO:werkzeug: * Running on http://0.0.0.0:5000/ (Press CTRL+C to quit)
INFO:werkzeug: * Restarting with stat
INFO:logger:
---------------------------------------------------------------
API v1.0 online: http://localhost:8080/


WARNING:werkzeug: * Debugger is active!
INFO:werkzeug: * Debugger PIN: 271-136-801
INFO:logger:
---------------------------------------------------------------
Authentication token generated eyJ0eXAiOiJKV1QiLCJhbGciOiJIUzI1NiJ9.eyJleHAiOjE2MTk0NTE0MTMsImlhdCI6MTYxOTQ0NjAxMywic3ViIjoic2VybmFtZSJ9.naBWwcxKxLdJYcUOQ6E-7DV21Uzve3kzI_psp1wEfng

INFO:werkzeug:172.18.0.1 - - [26/Apr/2021 14:06:53] "[37mPUT /user HTTP/1.1[0m" 200 -
INFO:werkzeug: * Detected change in '/app/auctionAPI.py', reloading
INFO:werkzeug: * Restarting with stat
INFO:logger:
---------------------------------------------------------------
API v1.0 online: http://localhost:8080/


WARNING:werkzeug: * Debugger is active!
INFO:werkzeug: * Debugger PIN: 271-136-801
INFO:werkzeug: * Detected change in '/app/auctionAPI.py', reloading
INFO:werkzeug: * Restarting with stat
INFO:logger:
---------------------------------------------------------------
API v1.0 online: http://localhost:8080/


WARNING:werkzeug: * Debugger is active!
INFO:werkzeug: * Debugger PIN: 271-136-801
INFO:werkzeug:172.18.0.1 - - [26/Apr/2021 14:10:32] "[35m[1mPUT /user HTTP/1.1[0m" 500 -
INFO:werkzeug: * Detected change in '/app/auctionAPI.py', reloading
INFO:werkzeug: * Restarting with stat
INFO:logger:
---------------------------------------------------------------
API v1.0 online: http://localhost:8080/


WARNING:werkzeug: * Debugger is active!
INFO:werkzeug: * Debugger PIN: 271-136-801
ERROR:logger:
---------------------------------------------------------------
Wrong Arguments

INFO:werkzeug:172.18.0.1 - - [26/Apr/2021 14:11:05] "[37mPUT /user HTTP/1.1[0m" 200 -
INFO:werkzeug: * Detected change in '/app/auctionAPI.py', reloading
INFO:werkzeug: * Restarting with stat
INFO:logger:
---------------------------------------------------------------
API v1.0 online: http://localhost:8080/


WARNING:werkzeug: * Debugger is active!
INFO:werkzeug: * Debugger PIN: 271-136-801
ERROR:logger:
---------------------------------------------------------------
Wrong Arguments

INFO:werkzeug:172.18.0.1 - - [26/Apr/2021 14:18:42] "[37mPOST /user HTTP/1.1[0m" 200 -
ERROR:logger:
---------------------------------------------------------------
duplicate key value violates unique constraint "auction_user_pkey"
DETAIL:  Key (username)=(sername) already exists.


INFO:werkzeug:172.18.0.1 - - [26/Apr/2021 14:18:46] "[37mPOST /user HTTP/1.1[0m" 200 -
ERROR:logger:
---------------------------------------------------------------
duplicate key value violates unique constraint "auction_user_pkey"
DETAIL:  Key (username)=(username) already exists.


INFO:werkzeug:172.18.0.1 - - [26/Apr/2021 14:19:05] "[37mPOST /user HTTP/1.1[0m" 200 -
INFO:logger:
---------------------------------------------------------------
Authentication token generated
eyJ0eXAiOiJKV1QiLCJhbGciOiJIUzI1NiJ9.eyJleHAiOjE2MTk0NTI0NTgsImlhdCI6MTYxOTQ0NzA1OCwic3ViIjoidXNlcm5hbWUifQ.B5RUbr33uNCc1hsoJJZxPfz4S4OLmlMrvzi6u1VANjw

INFO:werkzeug:172.18.0.1 - - [26/Apr/2021 14:24:18] "[37mPUT /user HTTP/1.1[0m" 200 -
INFO:werkzeug:172.18.0.1 - - [26/Apr/2021 14:24:33] "[31m[1mPUT /leiloes HTTP/1.1[0m" 405 -
INFO:werkzeug:172.18.0.1 - - [26/Apr/2021 14:24:36] "[37mGET /leiloes HTTP/1.1[0m" 200 -
INFO:werkzeug:172.18.0.1 - - [26/Apr/2021 14:24:46] "[37mGET /leiloes?token=eyJ0eXAiOiJKV1QiLCJhbGciOiJIUzI1NiJ9.eyJleHAiOjE2MTk0NTI0NTgsImlhdCI6MTYxOTQ0NzA1OCwic3ViIjoidXNlcm5hbWUifQ.B5RUbr33uNCc1hsoJJZxPfz4S4OLmlMrvzi6u1VANjw HTTP/1.1[0m" 200 -
INFO:werkzeug:172.18.0.1 - - [26/Apr/2021 14:25:09] "[37mGET /leiloes?token=eyJ0eXAiOiJKV1QiLCJhbGciOiJIUzI1NiJ9.eyJleHAiOjE2MTk0NTI0NTgsImlhdCI6MTYxOTQ0NzA1OCwic3ViIjoidXNlcm5hbWUifQ.B5RUbr33uNCc1hsoJJZxPfz4S4OLmlMrvzi6u1VANjw HTTP/1.1[0m" 200 -
INFO:werkzeug: * Detected change in '/app/auctionAPI.py', reloading
INFO:werkzeug: * Restarting with stat
INFO:logger:
---------------------------------------------------------------
API v1.0 online: http://localhost:8080/

WARNING:werkzeug: * Debugger is active!
INFO:werkzeug: * Debugger PIN: 271-136-801
INFO:werkzeug: * Detected change in '/app/auctionAPI.py', reloading
INFO:werkzeug: * Restarting with stat
INFO:logger:
---------------------------------------------------------------
API v1.0 online: http://localhost:8080/

WARNING:werkzeug: * Debugger is active!
INFO:werkzeug: * Debugger PIN: 271-136-801
INFO:werkzeug: * Detected change in '/app/auctionAPI.py', reloading
INFO:werkzeug: * Restarting with stat
INFO:logger:
---------------------------------------------------------------
API v1.0 online: http://localhost:8080/

WARNING:werkzeug: * Debugger is active!
INFO:werkzeug: * Debugger PIN: 271-136-801
ERROR:logger:
---------------------------------------------------------------
duplicate key value violates unique constraint "auction_user_pkey"
DETAIL:  Key (username)=(username) already exists.


INFO:werkzeug:172.18.0.1 - - [26/Apr/2021 15:02:15] "[37mPOST /user HTTP/1.1[0m" 200 -
ERROR:logger:
---------------------------------------------------------------
no results to fetch

INFO:werkzeug:172.18.0.1 - - [26/Apr/2021 15:02:19] "[37mPOST /user HTTP/1.1[0m" 200 -
INFO:werkzeug: * Detected change in '/app/auctionAPI.py', reloading
INFO:werkzeug: * Restarting with stat
INFO:logger:
---------------------------------------------------------------
API v1.0 online: http://localhost:8080/

WARNING:werkzeug: * Debugger is active!
INFO:werkzeug: * Debugger PIN: 271-136-801
INFO:werkzeug: * Detected change in '/app/auctionAPI.py', reloading
INFO:werkzeug: * Restarting with stat
INFO:logger:
---------------------------------------------------------------
API v1.0 online: http://localhost:8080/

WARNING:werkzeug: * Debugger is active!
INFO:werkzeug: * Debugger PIN: 271-136-801
ERROR:logger:
---------------------------------------------------------------
duplicate key value violates unique constraint "auction_user_pkey"
DETAIL:  Key (username)=(usname) already exists.


INFO:werkzeug:172.18.0.1 - - [26/Apr/2021 15:04:22] "[37mPOST /user HTTP/1.1[0m" 200 -
INFO:logger:
---------------------------------------------------------------
User uame created successfuly

INFO:werkzeug:172.18.0.1 - - [26/Apr/2021 15:04:26] "[37mPOST /user HTTP/1.1[0m" 200 -
INFO:werkzeug: * Detected change in '/app/auctionAPI.py', reloading
INFO:werkzeug: * Restarting with stat
INFO:logger:
---------------------------------------------------------------
API v1.0 online: http://localhost:8080/

WARNING:werkzeug: * Debugger is active!
INFO:werkzeug: * Debugger PIN: 271-136-801
INFO:werkzeug: * Detected change in '/app/auctionAPI.py', reloading
INFO:werkzeug: * Restarting with stat
INFO:logger:
---------------------------------------------------------------
API v1.0 online: http://localhost:8080/

WARNING:werkzeug: * Debugger is active!
INFO:werkzeug: * Debugger PIN: 271-136-801
INFO:werkzeug: * Detected change in '/app/auctionAPI.py', reloading
INFO:werkzeug: * Restarting with stat
INFO:logger:
---------------------------------------------------------------
API v1.0 online: http://localhost:8080/

WARNING:werkzeug: * Debugger is active!
INFO:werkzeug: * Debugger PIN: 271-136-801
INFO:werkzeug: * Detected change in '/app/auctionAPI.py', reloading
INFO:werkzeug: * Restarting with stat
INFO:logger:
---------------------------------------------------------------
API v1.0 online: http://localhost:8080/

WARNING:werkzeug: * Debugger is active!
INFO:werkzeug: * Debugger PIN: 271-136-801
INFO:werkzeug: * Detected change in '/app/auctionAPI.py', reloading
INFO:werkzeug: * Restarting with stat
INFO:logger:
---------------------------------------------------------------
API v1.0 online: http://localhost:8080/

WARNING:werkzeug: * Debugger is active!
INFO:werkzeug: * Debugger PIN: 271-136-801
INFO:werkzeug: * Detected change in '/app/auctionAPI.py', reloading
INFO:werkzeug: * Restarting with stat
INFO:logger:
---------------------------------------------------------------
API v1.0 online: http://localhost:8080/

WARNING:werkzeug: * Debugger is active!
INFO:werkzeug: * Debugger PIN: 271-136-801
INFO:werkzeug: * Detected change in '/app/auctionAPI.py', reloading
INFO:werkzeug: * Restarting with stat
INFO:logger:
---------------------------------------------------------------
API v1.0 online: http://localhost:8080/

WARNING:werkzeug: * Debugger is active!
INFO:werkzeug: * Debugger PIN: 271-136-801
INFO:werkzeug: * Detected change in '/app/auctionAPI.py', reloading
INFO:werkzeug: * Restarting with stat
INFO:logger:
---------------------------------------------------------------
API v1.0 online: http://localhost:8080/

WARNING:werkzeug: * Debugger is active!
INFO:werkzeug: * Debugger PIN: 271-136-801
INFO:werkzeug: * Detected change in '/app/auctionAPI.py', reloading
INFO:werkzeug: * Restarting with stat
INFO:logger:
---------------------------------------------------------------
API v1.0 online: http://localhost:8080/

WARNING:werkzeug: * Debugger is active!
INFO:werkzeug: * Debugger PIN: 271-136-801
INFO:werkzeug: * Detected change in '/app/auctionAPI.py', reloading
INFO:werkzeug: * Restarting with stat
INFO:logger:
---------------------------------------------------------------
API v1.0 online: http://localhost:8080/

WARNING:werkzeug: * Debugger is active!
INFO:werkzeug: * Debugger PIN: 271-136-801
